Arguments: 
  /Users/denali/.nvm/versions/node/v10.16.3/bin/node /usr/local/Cellar/yarn/1.22.4/libexec/bin/yarn.js add openzeppelin/contracts@solc-0.7

PATH: 
  /Users/denali/.cargo/bin:/Users/denali/.asdf/shims:/usr/local/opt/asdf/bin:/Users/denali/.asdf/bin:/Users/denali/anaconda3/bin:/Users/denali/.nvm/versions/node/v10.16.3/bin:/Users/denali/Library/Android/sdk/platform-tools:/Users/denali/.fastlane/bin:/Users/denali/node_modules/npm/node_modules:/usr/local/bin:/usr/bin:/bin:/usr/sbin:/sbin:/usr/local/go/bin:/usr/local/mysql/bin:/opt/X11/bin:/Library/Frameworks/Mono.framework/Versions/Current/Commands:/Applications/Postgres.app/Contents/Versions/latest/bin:/Users/denali/.cargo/bin:/Users/denali/anaconda3/bin:/Users/denali/.nvm/versions/node/v10.16.3/bin:/Users/denali/Library/Android/sdk/platform-tools:/Users/denali/.fastlane/bin:/Users/denali/node_modules/npm/node_modules:/Users/denali/go/bin:/opt/local/bin:/Users/denali/go:/usr/local/Cellar/yarn/1.7.0:/Users/denali/Library/Android/sdk/emulator:/Users/denali/Library/Android/sdk/tools:/Users/denali/Library/Android/sdk/tools/bin:/opt/local/bin:/Users/denali/go:/usr/local/Cellar/yarn/1.7.0:/Users/denali/Library/Android/sdk/emulator:/Users/denali/Library/Android/sdk/tools:/Users/denali/Library/Android/sdk/tools/bin:/Users/denali/Library/Android/sdk/platform-tools

Yarn version: 
  1.22.4

Node version: 
  10.16.3

Platform: 
  darwin x64

Trace: 
  Error: https://registry.npmjs.org/openzeppelin%2fcontracts: Request "https://registry.npmjs.org/openzeppelin%2fcontracts" returned a 405
      at Request.params.callback [as _callback] (/usr/local/Cellar/yarn/1.22.4/libexec/lib/cli.js:66996:18)
      at Request.self.callback (/usr/local/Cellar/yarn/1.22.4/libexec/lib/cli.js:140748:22)
      at Request.emit (events.js:198:13)
      at Request.<anonymous> (/usr/local/Cellar/yarn/1.22.4/libexec/lib/cli.js:141720:10)
      at Request.emit (events.js:198:13)
      at IncomingMessage.<anonymous> (/usr/local/Cellar/yarn/1.22.4/libexec/lib/cli.js:141642:12)
      at Object.onceWrapper (events.js:286:20)
      at IncomingMessage.emit (events.js:203:15)
      at endReadableNT (_stream_readable.js:1145:12)
      at process._tickCallback (internal/process/next_tick.js:63:19)

npm manifest: 
  No manifest

yarn manifest: 
  No manifest

Lockfile: 
  No lockfile
